\BOOKMARK [0][-]{chapter.1}{\376\377\0001\000\040\000T\000o\000d\000o\000\040\000L\000i\000s\000t}{}% 1
\BOOKMARK [0][-]{chapter.2}{\376\377\0002\000\040\000F\000i\000l\000e\000\040\000I\000n\000d\000e\000x}{}% 2
\BOOKMARK [1][-]{section.2.1}{\376\377\0002\000.\0001\000\040\000F\000i\000l\000e\000\040\000L\000i\000s\000t}{chapter.2}% 3
\BOOKMARK [0][-]{chapter.3}{\376\377\0003\000\040\000F\000i\000l\000e\000\040\000D\000o\000c\000u\000m\000e\000n\000t\000a\000t\000i\000o\000n}{}% 4
\BOOKMARK [1][-]{section.3.1}{\376\377\0003\000.\0001\000\040\000A\000D\000C\000.\000c\000\040\000F\000i\000l\000e\000\040\000R\000e\000f\000e\000r\000e\000n\000c\000e}{chapter.3}% 5
\BOOKMARK [2][-]{subsection.3.1.1}{\376\377\0003\000.\0001\000.\0001\000\040\000D\000e\000t\000a\000i\000l\000e\000d\000\040\000D\000e\000s\000c\000r\000i\000p\000t\000i\000o\000n}{section.3.1}% 6
\BOOKMARK [2][-]{subsection.3.1.2}{\376\377\0003\000.\0001\000.\0002\000\040\000F\000u\000n\000c\000t\000i\000o\000n\000\040\000D\000o\000c\000u\000m\000e\000n\000t\000a\000t\000i\000o\000n}{section.3.1}% 7
\BOOKMARK [3][-]{subsubsection.3.1.2.1}{\376\377\0003\000.\0001\000.\0002\000.\0001\000\040\000c\000h\000a\000n\000g\000e\000A\000D\000C\000\050\000i\000n\000t\000\040\000c\000h\000a\000n\000n\000e\000l\000\051}{subsection.3.1.2}% 8
\BOOKMARK [3][-]{subsubsection.3.1.2.2}{\376\377\0003\000.\0001\000.\0002\000.\0002\000\040\000c\000l\000e\000a\000r\000A\000D\000C\000\050\000i\000n\000t\000\040\000c\000h\000a\000n\000n\000e\000l\000\051}{subsection.3.1.2}% 9
\BOOKMARK [3][-]{subsubsection.3.1.2.3}{\376\377\0003\000.\0001\000.\0002\000.\0003\000\040\000g\000e\000t\000A\000D\000C\000\050\000i\000n\000t\000\040\000c\000h\000a\000n\000n\000e\000l\000\051}{subsection.3.1.2}% 10
\BOOKMARK [3][-]{subsubsection.3.1.2.4}{\376\377\0003\000.\0001\000.\0002\000.\0004\000\040\000i\000n\000i\000t\000A\000D\000C\000\050\000i\000n\000t\000\040\000c\000h\000a\000n\000n\000e\000l\000\051}{subsection.3.1.2}% 11
\BOOKMARK [3][-]{subsubsection.3.1.2.5}{\376\377\0003\000.\0001\000.\0002\000.\0005\000\040\000I\000S\000R\000\050\000A\000D\000C\000v\000e\000c\000t\000\051}{subsection.3.1.2}% 12
\BOOKMARK [2][-]{subsection.3.1.3}{\376\377\0003\000.\0001\000.\0003\000\040\000V\000a\000r\000i\000a\000b\000l\000e\000\040\000D\000o\000c\000u\000m\000e\000n\000t\000a\000t\000i\000o\000n}{section.3.1}% 13
\BOOKMARK [3][-]{subsubsection.3.1.3.1}{\376\377\0003\000.\0001\000.\0003\000.\0001\000\040\000a\000d\000c\000h}{subsection.3.1.3}% 14
\BOOKMARK [3][-]{subsubsection.3.1.3.2}{\376\377\0003\000.\0001\000.\0003\000.\0002\000\040\000a\000d\000c\000l}{subsection.3.1.3}% 15
\BOOKMARK [3][-]{subsubsection.3.1.3.3}{\376\377\0003\000.\0001\000.\0003\000.\0003\000\040\000r\000e\000a\000d\000N\000e\000w\000C\000h\000a\000n\000n\000e\000l}{subsection.3.1.3}% 16
\BOOKMARK [1][-]{section.3.2}{\376\377\0003\000.\0002\000\040\000a\000r\000m\000.\000c\000\040\000F\000i\000l\000e\000\040\000R\000e\000f\000e\000r\000e\000n\000c\000e}{chapter.3}% 17
\BOOKMARK [2][-]{subsection.3.2.1}{\376\377\0003\000.\0002\000.\0001\000\040\000D\000e\000t\000a\000i\000l\000e\000d\000\040\000D\000e\000s\000c\000r\000i\000p\000t\000i\000o\000n}{section.3.2}% 18
\BOOKMARK [2][-]{subsection.3.2.2}{\376\377\0003\000.\0002\000.\0002\000\040\000F\000u\000n\000c\000t\000i\000o\000n\000\040\000D\000o\000c\000u\000m\000e\000n\000t\000a\000t\000i\000o\000n}{section.3.2}% 19
\BOOKMARK [3][-]{subsubsection.3.2.2.1}{\376\377\0003\000.\0002\000.\0002\000.\0001\000\040\000c\000o\000n\000t\000r\000o\000l\000A\000r\000m\000W\000i\000t\000h\000B\000u\000t\000t\000o\000n\000s\000\050\000\051}{subsection.3.2.2}% 20
\BOOKMARK [3][-]{subsubsection.3.2.2.2}{\376\377\0003\000.\0002\000.\0002\000.\0002\000\040\000c\000o\000n\000t\000r\000o\000l\000J\000o\000i\000n\000t\0001\000W\000i\000t\000h\000B\000u\000t\000t\000o\000n\000s\000\050\000\051}{subsection.3.2.2}% 21
\BOOKMARK [3][-]{subsubsection.3.2.2.3}{\376\377\0003\000.\0002\000.\0002\000.\0003\000\040\000c\000o\000n\000t\000r\000o\000l\000P\000o\000s\000i\000t\000i\000o\000n\000W\000i\000t\000h\000B\000u\000t\000t\000o\000n\000s\000\050\000\051}{subsection.3.2.2}% 22
\BOOKMARK [3][-]{subsubsection.3.2.2.4}{\376\377\0003\000.\0002\000.\0002\000.\0004\000\040\000c\000o\000n\000v\000e\000r\000t\000V\000o\000l\000t\000s\000T\000o\000D\000A\000C\000V\000a\000l\000\050\000f\000l\000o\000a\000t\000\040\000v\000o\000l\000t\000s\000\051}{subsection.3.2.2}% 23
\BOOKMARK [3][-]{subsubsection.3.2.2.5}{\376\377\0003\000.\0002\000.\0002\000.\0005\000\040\000d\000r\000a\000w\000T\000r\000i\000a\000n\000g\000l\000e\000W\000i\000t\000h\000B\000u\000t\000t\000o\000n\000s\000\050\000\051}{subsection.3.2.2}% 24
\BOOKMARK [3][-]{subsubsection.3.2.2.6}{\376\377\0003\000.\0002\000.\0002\000.\0006\000\040\000g\000e\000t\000C\000u\000r\000r\000e\000n\000t\000\050\000i\000n\000t\000\040\000j\000o\000i\000n\000t\000\051}{subsection.3.2.2}% 25
\BOOKMARK [3][-]{subsubsection.3.2.2.7}{\376\377\0003\000.\0002\000.\0002\000.\0007\000\040\000g\000e\000t\000G\000s\000\050\000i\000n\000t\000\040\000a\000x\000i\000s\000\051}{subsection.3.2.2}% 26
\BOOKMARK [3][-]{subsubsection.3.2.2.8}{\376\377\0003\000.\0002\000.\0002\000.\0008\000\040\000g\000e\000t\000J\000o\000i\000n\000t\000A\000n\000g\000l\000e\000\050\000i\000n\000t\000\040\000j\000o\000i\000n\000t\000\051}{subsection.3.2.2}% 27
\BOOKMARK [3][-]{subsubsection.3.2.2.9}{\376\377\0003\000.\0002\000.\0002\000.\0009\000\040\000g\000e\000t\000T\000i\000m\000e\000S\000e\000c\000o\000n\000d\000s\000\050\000\051}{subsection.3.2.2}% 28
\BOOKMARK [3][-]{subsubsection.3.2.2.10}{\376\377\0003\000.\0002\000.\0002\000.\0001\0000\000\040\000i\000n\000P\000o\000s\000i\000t\000i\000o\000n\000\050\000i\000n\000t\000\040\000t\000h\000e\000t\000a\0001\000,\000\040\000i\000n\000t\000\040\000t\000h\000e\000t\000a\0002\000\051}{subsection.3.2.2}% 29
\BOOKMARK [3][-]{subsubsection.3.2.2.11}{\376\377\0003\000.\0002\000.\0002\000.\0001\0001\000\040\000I\000S\000R\000\050\000T\000I\000M\000E\000R\0000\000C\000O\000M\000P\000A\000v\000e\000c\000t\000\051}{subsection.3.2.2}% 30
\BOOKMARK [3][-]{subsubsection.3.2.2.12}{\376\377\0003\000.\0002\000.\0002\000.\0001\0002\000\040\000p\000r\000i\000n\000t\000J\000o\000i\000n\000t\000A\000n\000g\000l\000e\000\050\000i\000n\000t\000\040\000j\000o\000i\000n\000t\000\051}{subsection.3.2.2}% 31
\BOOKMARK [3][-]{subsubsection.3.2.2.13}{\376\377\0003\000.\0002\000.\0002\000.\0001\0003\000\040\000p\000r\000i\000n\000t\000L\000o\000g\000L\000i\000n\000e\000J\000o\000i\000n\000t\0002\000\050\000i\000n\000t\000\040\000s\000e\000t\000P\000o\000i\000n\000t\000\051}{subsection.3.2.2}% 32
\BOOKMARK [3][-]{subsubsection.3.2.2.14}{\376\377\0003\000.\0002\000.\0002\000.\0001\0004\000\040\000s\000e\000t\000J\000o\000i\000n\000t\000A\000n\000g\000l\000e\000s\000\050\000i\000n\000t\000\040\000l\000o\000w\000e\000r\000J\000o\000i\000n\000t\000,\000\040\000i\000n\000t\000\040\000u\000p\000p\000e\000r\000J\000o\000i\000n\000t\000\051}{subsection.3.2.2}% 33
\BOOKMARK [2][-]{subsection.3.2.3}{\376\377\0003\000.\0002\000.\0003\000\040\000V\000a\000r\000i\000a\000b\000l\000e\000\040\000D\000o\000c\000u\000m\000e\000n\000t\000a\000t\000i\000o\000n}{section.3.2}% 34
\BOOKMARK [3][-]{subsubsection.3.2.3.1}{\376\377\0003\000.\0002\000.\0003\000.\0001\000\040\000d\000e\000g\000r\000e\000e\000s\000P\000e\000r\000J\000o\000i\000n\000t\0001\000V\000a\000l}{subsection.3.2.3}% 35
\BOOKMARK [3][-]{subsubsection.3.2.3.2}{\376\377\0003\000.\0002\000.\0003\000.\0002\000\040\000d\000e\000g\000r\000e\000e\000s\000P\000e\000r\000J\000o\000i\000n\000t\0002\000V\000a\000l}{subsection.3.2.3}% 36
\BOOKMARK [3][-]{subsubsection.3.2.3.3}{\376\377\0003\000.\0002\000.\0003\000.\0003\000\040\000l\000o\000w\000e\000r\000A\000n\000g\000l\000e}{subsection.3.2.3}% 37
\BOOKMARK [3][-]{subsubsection.3.2.3.4}{\376\377\0003\000.\0002\000.\0003\000.\0004\000\040\000s\000e\000r\000v\000i\000c\000e\000P\000I\000D}{subsection.3.2.3}% 38
\BOOKMARK [3][-]{subsubsection.3.2.3.5}{\376\377\0003\000.\0002\000.\0003\000.\0005\000\040\000t\000i\000m\000e\000r\000C\000o\000u\000n\000t}{subsection.3.2.3}% 39
\BOOKMARK [3][-]{subsubsection.3.2.3.6}{\376\377\0003\000.\0002\000.\0003\000.\0006\000\040\000u\000p\000p\000e\000r\000A\000n\000g\000l\000e}{subsection.3.2.3}% 40
\BOOKMARK [3][-]{subsubsection.3.2.3.7}{\376\377\0003\000.\0002\000.\0003\000.\0007\000\040\000x\000c\000o\000o\000r\000d}{subsection.3.2.3}% 41
\BOOKMARK [3][-]{subsubsection.3.2.3.8}{\376\377\0003\000.\0002\000.\0003\000.\0008\000\040\000y\000c\000o\000o\000r\000d}{subsection.3.2.3}% 42
\BOOKMARK [1][-]{section.3.3}{\376\377\0003\000.\0003\000\040\000b\000u\000t\000t\000o\000n\000.\000c\000\040\000F\000i\000l\000e\000\040\000R\000e\000f\000e\000r\000e\000n\000c\000e}{chapter.3}% 43
\BOOKMARK [2][-]{subsection.3.3.1}{\376\377\0003\000.\0003\000.\0001\000\040\000D\000e\000t\000a\000i\000l\000e\000d\000\040\000D\000e\000s\000c\000r\000i\000p\000t\000i\000o\000n}{section.3.3}% 44
\BOOKMARK [2][-]{subsection.3.3.2}{\376\377\0003\000.\0003\000.\0002\000\040\000F\000u\000n\000c\000t\000i\000o\000n\000\040\000D\000o\000c\000u\000m\000e\000n\000t\000a\000t\000i\000o\000n}{section.3.3}% 45
\BOOKMARK [3][-]{subsubsection.3.3.2.1}{\376\377\0003\000.\0003\000.\0002\000.\0001\000\040\000l\000a\000s\000t\000B\000u\000t\000t\000o\000n\000P\000r\000e\000s\000s\000e\000d\000\050\000\051}{subsection.3.3.2}% 46
\BOOKMARK [3][-]{subsubsection.3.3.2.2}{\376\377\0003\000.\0003\000.\0002\000.\0002\000\040\000s\000e\000t\000u\000p\000B\000u\000t\000t\000o\000n\000s\000\050\0008\000b\000i\000t\000r\000e\000g\000t\000\040\000*\000D\000D\000x\000n\000,\000\040\0008\000b\000i\000t\000r\000e\000g\000t\000\040\000*\000P\000O\000R\000T\000x\000n\000,\000\040\0008\000b\000i\000t\000r\000e\000g\000t\000\040\000*\000P\000I\000N\000x\000b\000i\000t\000s\000,\000\040\000B\000O\000O\000L\000\040\000e\000n\000a\000b\000l\000e\000P\000u\000l\000l\000u\000p\000\051}{subsection.3.3.2}% 47
\BOOKMARK [2][-]{subsection.3.3.3}{\376\377\0003\000.\0003\000.\0003\000\040\000V\000a\000r\000i\000a\000b\000l\000e\000\040\000D\000o\000c\000u\000m\000e\000n\000t\000a\000t\000i\000o\000n}{section.3.3}% 48
\BOOKMARK [3][-]{subsubsection.3.3.3.1}{\376\377\0003\000.\0003\000.\0003\000.\0001\000\040\000b\0004}{subsection.3.3.3}% 49
\BOOKMARK [3][-]{subsubsection.3.3.3.2}{\376\377\0003\000.\0003\000.\0003\000.\0002\000\040\000b\0005}{subsection.3.3.3}% 50
\BOOKMARK [3][-]{subsubsection.3.3.3.3}{\376\377\0003\000.\0003\000.\0003\000.\0003\000\040\000b\0006}{subsection.3.3.3}% 51
\BOOKMARK [3][-]{subsubsection.3.3.3.4}{\376\377\0003\000.\0003\000.\0003\000.\0004\000\040\000b\0007}{subsection.3.3.3}% 52
\BOOKMARK [3][-]{subsubsection.3.3.3.5}{\376\377\0003\000.\0003\000.\0003\000.\0005\000\040\000P\000I\000N\000y\000b\000i\000t\000s}{subsection.3.3.3}% 53
\BOOKMARK [1][-]{section.3.4}{\376\377\0003\000.\0004\000\040\000D\000A\000C\000.\000c\000\040\000F\000i\000l\000e\000\040\000R\000e\000f\000e\000r\000e\000n\000c\000e}{chapter.3}% 54
\BOOKMARK [2][-]{subsection.3.4.1}{\376\377\0003\000.\0004\000.\0001\000\040\000D\000e\000t\000a\000i\000l\000e\000d\000\040\000D\000e\000s\000c\000r\000i\000p\000t\000i\000o\000n}{section.3.4}% 55
\BOOKMARK [2][-]{subsection.3.4.2}{\376\377\0003\000.\0004\000.\0002\000\040\000F\000u\000n\000c\000t\000i\000o\000n\000\040\000D\000o\000c\000u\000m\000e\000n\000t\000a\000t\000i\000o\000n}{section.3.4}% 56
\BOOKMARK [3][-]{subsubsection.3.4.2.1}{\376\377\0003\000.\0004\000.\0002\000.\0001\000\040\000s\000e\000t\000D\000A\000C\000\050\000i\000n\000t\000\040\000D\000A\000C\000n\000,\000\040\000i\000n\000t\000\040\000S\000P\000I\000V\000a\000l\000\051}{subsection.3.4.2}% 57
\BOOKMARK [1][-]{section.3.5}{\376\377\0003\000.\0005\000\040\000d\000e\000f\000i\000n\000i\000t\000i\000o\000n\000s\000.\000c\000\040\000F\000i\000l\000e\000\040\000R\000e\000f\000e\000r\000e\000n\000c\000e}{chapter.3}% 58
\BOOKMARK [2][-]{subsection.3.5.1}{\376\377\0003\000.\0005\000.\0001\000\040\000D\000e\000t\000a\000i\000l\000e\000d\000\040\000D\000e\000s\000c\000r\000i\000p\000t\000i\000o\000n}{section.3.5}% 59
\BOOKMARK [2][-]{subsection.3.5.2}{\376\377\0003\000.\0005\000.\0002\000\040\000F\000u\000n\000c\000t\000i\000o\000n\000\040\000D\000o\000c\000u\000m\000e\000n\000t\000a\000t\000i\000o\000n}{section.3.5}% 60
\BOOKMARK [3][-]{subsubsection.3.5.2.1}{\376\377\0003\000.\0005\000.\0002\000.\0001\000\040\000a\000b\000s\000\050\000i\000n\000t\000\040\000a\000\051}{subsection.3.5.2}% 61
\BOOKMARK [3][-]{subsubsection.3.5.2.2}{\376\377\0003\000.\0005\000.\0002\000.\0002\000\040\000b\000e\000t\000w\000e\000e\000n\000T\000w\000o\000V\000a\000l\000s\000\050\000i\000n\000t\000\040\000v\000a\000l\000u\000e\000,\000\040\000i\000n\000t\000\040\000l\000o\000w\000e\000r\000,\000\040\000i\000n\000t\000\040\000u\000p\000p\000e\000r\000\051}{subsection.3.5.2}% 62
\BOOKMARK [1][-]{section.3.6}{\376\377\0003\000.\0006\000\040\000e\000n\000c\000o\000d\000e\000r\000.\000c\000\040\000F\000i\000l\000e\000\040\000R\000e\000f\000e\000r\000e\000n\000c\000e}{chapter.3}% 63
\BOOKMARK [2][-]{subsection.3.6.1}{\376\377\0003\000.\0006\000.\0001\000\040\000D\000e\000t\000a\000i\000l\000e\000d\000\040\000D\000e\000s\000c\000r\000i\000p\000t\000i\000o\000n}{section.3.6}% 64
\BOOKMARK [2][-]{subsection.3.6.2}{\376\377\0003\000.\0006\000.\0002\000\040\000F\000u\000n\000c\000t\000i\000o\000n\000\040\000D\000o\000c\000u\000m\000e\000n\000t\000a\000t\000i\000o\000n}{section.3.6}% 65
\BOOKMARK [3][-]{subsubsection.3.6.2.1}{\376\377\0003\000.\0006\000.\0002\000.\0001\000\040\000s\000i\000n\000g\000l\000e\000B\000y\000t\000e\000W\000r\000i\000t\000e\000\050\000u\000n\000s\000i\000g\000n\000e\000d\000\040\000c\000h\000a\000r\000\040\000o\000p\000c\000o\000d\000e\000,\000\040\000u\000n\000s\000i\000g\000n\000e\000d\000\040\000c\000h\000a\000r\000\040\000d\000a\000t\000a\000,\000\040\000i\000n\000t\000\040\000j\000o\000i\000n\000t\000\051}{subsection.3.6.2}% 66
\BOOKMARK [3][-]{subsubsection.3.6.2.2}{\376\377\0003\000.\0006\000.\0002\000.\0002\000\040\000s\000l\000a\000v\000e\000D\000e\000s\000e\000l\000e\000c\000t\000\050\000i\000n\000t\000\040\000j\000o\000i\000n\000t\000\051}{subsection.3.6.2}% 67
\BOOKMARK [3][-]{subsubsection.3.6.2.3}{\376\377\0003\000.\0006\000.\0002\000.\0003\000\040\000s\000l\000a\000v\000e\000S\000e\000l\000e\000c\000t\000\050\000i\000n\000t\000\040\000j\000o\000i\000n\000t\000\051}{subsection.3.6.2}% 68
\BOOKMARK [1][-]{section.3.7}{\376\377\0003\000.\0007\000\040\000l\000a\000b\0001\000.\000c\000\040\000F\000i\000l\000e\000\040\000R\000e\000f\000e\000r\000e\000n\000c\000e}{chapter.3}% 69
\BOOKMARK [2][-]{subsection.3.7.1}{\376\377\0003\000.\0007\000.\0001\000\040\000D\000e\000t\000a\000i\000l\000e\000d\000\040\000D\000e\000s\000c\000r\000i\000p\000t\000i\000o\000n}{section.3.7}% 70
\BOOKMARK [2][-]{subsection.3.7.2}{\376\377\0003\000.\0007\000.\0002\000\040\000F\000u\000n\000c\000t\000i\000o\000n\000\040\000D\000o\000c\000u\000m\000e\000n\000t\000a\000t\000i\000o\000n}{section.3.7}% 71
\BOOKMARK [3][-]{subsubsection.3.7.2.1}{\376\377\0003\000.\0007\000.\0002\000.\0001\000\040\000A\000D\000C\000T\000o\000S\000e\000r\000i\000a\000l\000\050\000i\000n\000t\000\040\000c\000h\000a\000n\000n\000e\000l\000\051}{subsection.3.7.2}% 72
\BOOKMARK [3][-]{subsubsection.3.7.2.2}{\376\377\0003\000.\0007\000.\0002\000.\0002\000\040\000A\000D\000C\000T\000o\000S\000e\000r\000i\000a\000l\000P\000a\000r\000t\0007\000\050\000i\000n\000t\000\040\000c\000h\000a\000n\000n\000e\000l\000\051}{subsection.3.7.2}% 73
\BOOKMARK [3][-]{subsubsection.3.7.2.3}{\376\377\0003\000.\0007\000.\0002\000.\0003\000\040\000i\000n\000i\000t\000P\000a\000r\000t\0002\000a\000n\000d\0007\000T\000i\000m\000e\000r\000\050\000\051}{subsection.3.7.2}% 74
\BOOKMARK [3][-]{subsubsection.3.7.2.4}{\376\377\0003\000.\0007\000.\0002\000.\0004\000\040\000s\000e\000t\000F\000r\000e\000q\000u\000e\000n\000c\000y\000F\000o\000r\000P\000o\000s\000t\000S\000c\000a\000l\000e\000\050\000i\000n\000t\000\040\000F\000r\000e\000q\000u\000e\000n\000c\000y\000\051}{subsection.3.7.2}% 75
\BOOKMARK [3][-]{subsubsection.3.7.2.5}{\376\377\0003\000.\0007\000.\0002\000.\0005\000\040\000s\000i\000g\000n\000a\000l\000G\000e\000n\000e\000r\000a\000t\000o\000r\000M\000a\000i\000n\000\050\000i\000n\000t\000\040\000c\000h\000a\000n\000n\000e\000l\000\051}{subsection.3.7.2}% 76
\BOOKMARK [3][-]{subsubsection.3.7.2.6}{\376\377\0003\000.\0007\000.\0002\000.\0006\000\040\000w\000a\000i\000t\000F\000o\000r\000B\000u\000t\000t\000o\000n\0007\000\050\000\051}{subsection.3.7.2}% 77
\BOOKMARK [3][-]{subsubsection.3.7.2.7}{\376\377\0003\000.\0007\000.\0002\000.\0007\000\040\000w\000a\000i\000t\000F\000o\000r\000C\000h\000a\000r\000\050\000c\000h\000a\000r\000\040\000c\000\051}{subsection.3.7.2}% 78
\BOOKMARK [1][-]{section.3.8}{\376\377\0003\000.\0008\000\040\000l\000e\000d\000.\000c\000\040\000F\000i\000l\000e\000\040\000R\000e\000f\000e\000r\000e\000n\000c\000e}{chapter.3}% 79
\BOOKMARK [2][-]{subsection.3.8.1}{\376\377\0003\000.\0008\000.\0001\000\040\000D\000e\000t\000a\000i\000l\000e\000d\000\040\000D\000e\000s\000c\000r\000i\000p\000t\000i\000o\000n}{section.3.8}% 80
\BOOKMARK [2][-]{subsection.3.8.2}{\376\377\0003\000.\0008\000.\0002\000\040\000F\000u\000n\000c\000t\000i\000o\000n\000\040\000D\000o\000c\000u\000m\000e\000n\000t\000a\000t\000i\000o\000n}{section.3.8}% 81
\BOOKMARK [3][-]{subsubsection.3.8.2.1}{\376\377\0003\000.\0008\000.\0002\000.\0001\000\040\000s\000e\000t\000u\000p\000L\000E\000D\000s\000\050\0008\000b\000i\000t\000r\000e\000g\000t\000\040\000*\000D\000D\000x\000n\000,\000\040\0008\000b\000i\000t\000r\000e\000g\000t\000\040\000*\000P\000O\000R\000T\000x\000n\000\051}{subsection.3.8.2}% 82
\BOOKMARK [1][-]{section.3.9}{\376\377\0003\000.\0009\000\040\000m\000a\000i\000n\000.\000c\000\040\000F\000i\000l\000e\000\040\000R\000e\000f\000e\000r\000e\000n\000c\000e}{chapter.3}% 83
\BOOKMARK [2][-]{subsection.3.9.1}{\376\377\0003\000.\0009\000.\0001\000\040\000D\000e\000t\000a\000i\000l\000e\000d\000\040\000D\000e\000s\000c\000r\000i\000p\000t\000i\000o\000n}{section.3.9}% 84
\BOOKMARK [1][-]{section.3.10}{\376\377\0003\000.\0001\0000\000\040\000m\000o\000t\000o\000r\000s\000.\000c\000\040\000F\000i\000l\000e\000\040\000R\000e\000f\000e\000r\000e\000n\000c\000e}{chapter.3}% 85
\BOOKMARK [2][-]{subsection.3.10.1}{\376\377\0003\000.\0001\0000\000.\0001\000\040\000D\000e\000t\000a\000i\000l\000e\000d\000\040\000D\000e\000s\000c\000r\000i\000p\000t\000i\000o\000n}{section.3.10}% 86
\BOOKMARK [2][-]{subsection.3.10.2}{\376\377\0003\000.\0001\0000\000.\0002\000\040\000F\000u\000n\000c\000t\000i\000o\000n\000\040\000D\000o\000c\000u\000m\000e\000n\000t\000a\000t\000i\000o\000n}{section.3.10}% 87
\BOOKMARK [3][-]{subsubsection.3.10.2.1}{\376\377\0003\000.\0001\0000\000.\0002\000.\0001\000\040\000d\000r\000i\000v\000e\000L\000i\000n\000k\000\050\000i\000n\000t\000\040\000l\000i\000n\000k\000,\000\040\000i\000n\000t\000\040\000d\000i\000r\000\051}{subsection.3.10.2}% 88
\BOOKMARK [3][-]{subsubsection.3.10.2.2}{\376\377\0003\000.\0001\0000\000.\0002\000.\0002\000\040\000g\000o\000t\000o\000A\000n\000g\000l\000e\000s\000\050\000i\000n\000t\000\040\000l\000o\000w\000e\000r\000T\000h\000e\000t\000a\000,\000\040\000i\000n\000t\000\040\000u\000p\000p\000e\000r\000T\000h\000e\000t\000a\000\051}{subsection.3.10.2}% 89
\BOOKMARK [3][-]{subsubsection.3.10.2.3}{\376\377\0003\000.\0001\0000\000.\0002\000.\0003\000\040\000g\000o\000t\000o\000X\000Y\000\050\000i\000n\000t\000\040\000x\000,\000\040\000i\000n\000t\000\040\000y\000\051}{subsection.3.10.2}% 90
\BOOKMARK [1][-]{section.3.11}{\376\377\0003\000.\0001\0001\000\040\000P\000e\000r\000i\000p\000h\000.\000c\000\040\000F\000i\000l\000e\000\040\000R\000e\000f\000e\000r\000e\000n\000c\000e}{chapter.3}% 91
\BOOKMARK [2][-]{subsection.3.11.1}{\376\377\0003\000.\0001\0001\000.\0001\000\040\000D\000e\000t\000a\000i\000l\000e\000d\000\040\000D\000e\000s\000c\000r\000i\000p\000t\000i\000o\000n}{section.3.11}% 92
\BOOKMARK [2][-]{subsection.3.11.2}{\376\377\0003\000.\0001\0001\000.\0002\000\040\000M\000a\000c\000r\000o\000\040\000D\000e\000f\000i\000n\000i\000t\000i\000o\000n\000\040\000D\000o\000c\000u\000m\000e\000n\000t\000a\000t\000i\000o\000n}{section.3.11}% 93
\BOOKMARK [3][-]{subsubsection.3.11.2.1}{\376\377\0003\000.\0001\0001\000.\0002\000.\0001\000\040\000E\000N\000C\000C\000L\000R\000C\000M\000D}{subsection.3.11.2}% 94
\BOOKMARK [3][-]{subsubsection.3.11.2.2}{\376\377\0003\000.\0001\0001\000.\0002\000.\0002\000\040\000E\000N\000C\000C\000N\000T\000R}{subsection.3.11.2}% 95
\BOOKMARK [3][-]{subsubsection.3.11.2.3}{\376\377\0003\000.\0001\0001\000.\0002\000.\0003\000\040\000E\000N\000C\000R\000D\000C\000M\000D}{subsection.3.11.2}% 96
\BOOKMARK [2][-]{subsection.3.11.3}{\376\377\0003\000.\0001\0001\000.\0003\000\040\000F\000u\000n\000c\000t\000i\000o\000n\000\040\000D\000o\000c\000u\000m\000e\000n\000t\000a\000t\000i\000o\000n}{section.3.11}% 97
\BOOKMARK [3][-]{subsubsection.3.11.3.1}{\376\377\0003\000.\0001\0001\000.\0003\000.\0001\000\040\000e\000n\000c\000C\000o\000u\000n\000t\000\050\000i\000n\000t\000\040\000c\000h\000a\000n\000\051}{subsection.3.11.3}% 98
\BOOKMARK [3][-]{subsubsection.3.11.3.2}{\376\377\0003\000.\0001\0001\000.\0003\000.\0002\000\040\000e\000n\000c\000I\000n\000i\000t\000\050\000i\000n\000t\000\040\000c\000h\000a\000n\000\051}{subsection.3.11.3}% 99
\BOOKMARK [3][-]{subsubsection.3.11.3.3}{\376\377\0003\000.\0001\0001\000.\0003\000.\0003\000\040\000g\000e\000t\000A\000c\000c\000e\000l\000\050\000i\000n\000t\000\040\000a\000x\000i\000s\000\051}{subsection.3.11.3}% 100
\BOOKMARK [3][-]{subsubsection.3.11.3.4}{\376\377\0003\000.\0001\0001\000.\0003\000.\0004\000\040\000I\000R\000D\000i\000s\000t\000\050\000i\000n\000t\000\040\000c\000h\000a\000n\000\051}{subsection.3.11.3}% 101
\BOOKMARK [3][-]{subsubsection.3.11.3.5}{\376\377\0003\000.\0001\0001\000.\0003\000.\0005\000\040\000r\000e\000s\000e\000t\000E\000n\000c\000C\000o\000u\000n\000t\000\050\000i\000n\000t\000\040\000c\000h\000a\000n\000\051}{subsection.3.11.3}% 102
\BOOKMARK [1][-]{section.3.12}{\376\377\0003\000.\0001\0002\000\040\000P\000I\000D\000.\000c\000\040\000F\000i\000l\000e\000\040\000R\000e\000f\000e\000r\000e\000n\000c\000e}{chapter.3}% 103
\BOOKMARK [2][-]{subsection.3.12.1}{\376\377\0003\000.\0001\0002\000.\0001\000\040\000D\000e\000t\000a\000i\000l\000e\000d\000\040\000D\000e\000s\000c\000r\000i\000p\000t\000i\000o\000n}{section.3.12}% 104
\BOOKMARK [2][-]{subsection.3.12.2}{\376\377\0003\000.\0001\0002\000.\0002\000\040\000F\000u\000n\000c\000t\000i\000o\000n\000\040\000D\000o\000c\000u\000m\000e\000n\000t\000a\000t\000i\000o\000n}{section.3.12}% 105
\BOOKMARK [3][-]{subsubsection.3.12.2.1}{\376\377\0003\000.\0001\0002\000.\0002\000.\0001\000\040\000c\000a\000l\000c\000P\000I\000D\000\050\000c\000h\000a\000r\000\040\000l\000i\000n\000k\000,\000\040\000i\000n\000t\000\040\000s\000e\000t\000P\000o\000i\000n\000t\000,\000\040\000i\000n\000t\000\040\000a\000c\000t\000P\000o\000s\000\051}{subsection.3.12.2}% 106
\BOOKMARK [3][-]{subsubsection.3.12.2.2}{\376\377\0003\000.\0001\0002\000.\0002\000.\0002\000\040\000s\000e\000t\000C\000o\000n\000s\000t\000\050\000c\000h\000a\000r\000\040\000l\000i\000n\000k\000,\000\040\000f\000l\000o\000a\000t\000\040\000K\000p\000,\000\040\000f\000l\000o\000a\000t\000\040\000K\000i\000,\000\040\000f\000l\000o\000a\000t\000\040\000K\000d\000\051}{subsection.3.12.2}% 107
\BOOKMARK [1][-]{section.3.13}{\376\377\0003\000.\0001\0003\000\040\000p\000o\000t\000.\000c\000\040\000F\000i\000l\000e\000\040\000R\000e\000f\000e\000r\000e\000n\000c\000e}{chapter.3}% 108
\BOOKMARK [2][-]{subsection.3.13.1}{\376\377\0003\000.\0001\0003\000.\0001\000\040\000D\000e\000t\000a\000i\000l\000e\000d\000\040\000D\000e\000s\000c\000r\000i\000p\000t\000i\000o\000n}{section.3.13}% 109
\BOOKMARK [2][-]{subsection.3.13.2}{\376\377\0003\000.\0001\0003\000.\0002\000\040\000F\000u\000n\000c\000t\000i\000o\000n\000\040\000D\000o\000c\000u\000m\000e\000n\000t\000a\000t\000i\000o\000n}{section.3.13}% 110
\BOOKMARK [3][-]{subsubsection.3.13.2.1}{\376\377\0003\000.\0001\0003\000.\0002\000.\0001\000\040\000p\000o\000t\000A\000n\000g\000l\000e\000\050\000i\000n\000t\000\040\000p\000o\000t\000\051}{subsection.3.13.2}% 111
\BOOKMARK [3][-]{subsubsection.3.13.2.2}{\376\377\0003\000.\0001\0003\000.\0002\000.\0002\000\040\000p\000o\000t\000V\000o\000l\000t\000s\000\050\000i\000n\000t\000\040\000p\000o\000t\000\051}{subsection.3.13.2}% 112
\BOOKMARK [1][-]{section.3.14}{\376\377\0003\000.\0001\0004\000\040\000S\000P\000I\000.\000c\000\040\000F\000i\000l\000e\000\040\000R\000e\000f\000e\000r\000e\000n\000c\000e}{chapter.3}% 113
\BOOKMARK [2][-]{subsection.3.14.1}{\376\377\0003\000.\0001\0004\000.\0001\000\040\000D\000e\000t\000a\000i\000l\000e\000d\000\040\000D\000e\000s\000c\000r\000i\000p\000t\000i\000o\000n}{section.3.14}% 114
\BOOKMARK [2][-]{subsection.3.14.2}{\376\377\0003\000.\0001\0004\000.\0002\000\040\000F\000u\000n\000c\000t\000i\000o\000n\000\040\000D\000o\000c\000u\000m\000e\000n\000t\000a\000t\000i\000o\000n}{section.3.14}% 115
\BOOKMARK [3][-]{subsubsection.3.14.2.1}{\376\377\0003\000.\0001\0004\000.\0002\000.\0001\000\040\000s\000p\000i\000T\000r\000a\000n\000s\000c\000e\000i\000v\000e\000\050\000B\000Y\000T\000E\000\040\000d\000a\000t\000a\000\051}{subsection.3.14.2}% 116
\BOOKMARK [0][-]{section*.22}{\376\377\000I\000n\000d\000e\000x}{}% 117
